The target system is: Emscripten - 1 - x86
The host system is: Linux - 6.0.12-76060006-generic - x86_64
The target system is: Emscripten - 1 - x86
The host system is: Linux - 6.0.12-76060006-generic - x86_64
Performing C++ SOURCE FILE Test HAVE_STDATOMIC succeeded with the following output:
Change Dir: /home/ammon/workspace/Qt/LibraryAyimea/bin/www/release/CMakeFiles/CMakeTmp

Run Build Command(s):/home/ammon/Qt/Tools/Ninja/ninja cmTC_6bf67 && [1/2] Building CXX object CMakeFiles/cmTC_6bf67.dir/src.cxx.o
[2/2] Linking CXX executable cmTC_6bf67.js


Source file was:
#include <atomic>
#include <cstdint>

int main(int, char **)
{
    volatile std::atomic<char>    size_1;
    volatile std::atomic<short>   size_2;
    volatile std::atomic<int>     size_4;
    volatile std::atomic<int64_t> size_8;

    ++size_1;
    ++size_2;
    ++size_4;
    ++size_8;

    (void)size_1.load(std::memory_order_relaxed);
    (void)size_2.load(std::memory_order_relaxed);
    (void)size_4.load(std::memory_order_relaxed);
    (void)size_8.load(std::memory_order_relaxed);

    return 0;
}
Performing C++ SOURCE FILE Test HAVE_GETTIME succeeded with the following output:
Change Dir: /home/ammon/workspace/Qt/LibraryAyimea/bin/www/release/CMakeFiles/CMakeTmp

Run Build Command(s):/home/ammon/Qt/Tools/Ninja/ninja cmTC_a7f61 && [1/2] Building CXX object CMakeFiles/cmTC_a7f61.dir/src.cxx.o
[2/2] Linking CXX executable cmTC_a7f61.js


Source file was:

#include <unistd.h>
#include <time.h>

int main(int, char **) {
    timespec ts; clock_gettime(CLOCK_REALTIME, &ts);
}
Performing C++ SOURCE FILE Test HAVE_EGL succeeded with the following output:
Change Dir: /home/ammon/workspace/Qt/LibraryAyimea/bin/www/release/CMakeFiles/CMakeTmp

Run Build Command(s):/home/ammon/Qt/Tools/Ninja/ninja cmTC_5a208 && [1/2] Building CXX object CMakeFiles/cmTC_5a208.dir/src.cxx.o
[2/2] Linking CXX executable cmTC_5a208.js


Source file was:

#include <EGL/egl.h>

int main(int, char **) {
    EGLint x = 0; EGLDisplay dpy = 0; EGLContext ctx = 0;
    eglDestroyContext(dpy, ctx);
}
